<?xml version="1.0" encoding="UTF-8"?>
<testsuite name="com.example.chinook.controller.GenreControllerTest" tests="3" skipped="0" failures="0" errors="0" timestamp="2025-05-19T11:44:36" hostname="GYUHA-HOME-DESK" time="0.186">
  <properties/>
  <testcase name="모든 장르를 페이지로 조회" classname="com.example.chinook.controller.GenreControllerTest" time="0.174"/>
  <testcase name="장르 검색" classname="com.example.chinook.controller.GenreControllerTest" time="0.006"/>
  <testcase name="ID로 장르 조회" classname="com.example.chinook.controller.GenreControllerTest" time="0.004"/>
  <system-out><![CDATA[20:44:35.182 [Test worker] INFO org.springframework.test.context.support.AnnotationConfigContextLoaderUtils -- Could not detect default configuration classes for test class [com.example.chinook.controller.GenreControllerTest]: GenreControllerTest does not declare any static, non-private, non-final, nested classes annotated with @Configuration.
20:44:35.299 [Test worker] INFO org.springframework.boot.test.context.SpringBootTestContextBootstrapper -- Found @SpringBootConfiguration com.example.chinook.ChinookApplication for test class com.example.chinook.controller.GenreControllerTest

  .   ____          _            __ _ _
 /\\ / ___'_ __ _ _(_)_ __  __ _ \ \ \ \
( ( )\___ | '_ | '_| | '_ \/ _` | \ \ \ \
 \\/  ___)| |_)| | | | | || (_| |  ) ) ) )
  '  |____| .__|_| |_|_| |_\__, | / / / /
 =========|_|==============|___/=/_/_/_/
 :: Spring Boot ::                (v3.2.0)

2025-05-19T20:44:35.567+09:00  INFO 6264 --- [    Test worker] c.e.c.controller.GenreControllerTest     : Starting GenreControllerTest using Java 21.0.4 with PID 6264 (started by gyuha in D:\workspace\mcp-sqlite3\chinook)
2025-05-19T20:44:35.567+09:00  INFO 6264 --- [    Test worker] c.e.c.controller.GenreControllerTest     : No active profile set, falling back to 1 default profile: "default"
2025-05-19T20:44:36.360+09:00  INFO 6264 --- [    Test worker] o.s.b.t.m.w.SpringBootMockServletContext : Initializing Spring TestDispatcherServlet ''
2025-05-19T20:44:36.360+09:00  INFO 6264 --- [    Test worker] o.s.t.web.servlet.TestDispatcherServlet  : Initializing Servlet ''
2025-05-19T20:44:36.362+09:00  INFO 6264 --- [    Test worker] o.s.t.web.servlet.TestDispatcherServlet  : Completed initialization in 1 ms
2025-05-19T20:44:36.389+09:00  INFO 6264 --- [    Test worker] c.e.c.controller.GenreControllerTest     : Started GenreControllerTest in 1.045 seconds (process running for 2.776)
]]></system-out>
  <system-err><![CDATA[]]></system-err>
</testsuite>
