<?xml version="1.0" encoding="UTF-8"?>
<testsuite name="com.example.chinook.service.CustomerServiceTest" tests="9" skipped="0" failures="0" errors="0" timestamp="2025-05-19T11:44:36" hostname="GYUHA-HOME-DESK" time="0.057">
  <properties/>
  <testcase name="deleteCustomer_Success()" classname="com.example.chinook.service.CustomerServiceTest" time="0.042"/>
  <testcase name="updateCustomer_Success()" classname="com.example.chinook.service.CustomerServiceTest" time="0.003"/>
  <testcase name="createCustomer_DuplicateEmail()" classname="com.example.chinook.service.CustomerServiceTest" time="0.002"/>
  <testcase name="updateCustomer_NotFound()" classname="com.example.chinook.service.CustomerServiceTest" time="0.001"/>
  <testcase name="searchCustomersByLastName_Success()" classname="com.example.chinook.service.CustomerServiceTest" time="0.001"/>
  <testcase name="deleteCustomer_NotFound()" classname="com.example.chinook.service.CustomerServiceTest" time="0.001"/>
  <testcase name="createCustomer_Success()" classname="com.example.chinook.service.CustomerServiceTest" time="0.001"/>
  <testcase name="getCustomer_Success()" classname="com.example.chinook.service.CustomerServiceTest" time="0.001"/>
  <testcase name="getAllCustomers_Success()" classname="com.example.chinook.service.CustomerServiceTest" time="0.001"/>
  <system-out><![CDATA[]]></system-out>
  <system-err><![CDATA[]]></system-err>
</testsuite>
